<?xml version="1.0" encoding="UTF-8"?>
<!-- Generated by org.testng.reporters.JUnitReportReporter -->
<testsuite hostname="MyComputer" failures="0" tests="1" name="com.testCases.TC_VoteonDailyPoll" time="5.423" errors="0" timestamp="2020-02-11T23:12:45 EST" skipped="0">
  <testcase classname="com.testCases.TC_VoteonDailyPoll" name="vote" time="5.423"/>
</testsuite> <!-- com.testCases.TC_VoteonDailyPoll -->
