<?xml version="1.0" encoding="UTF-8"?>
<!-- Generated by org.testng.reporters.JUnitReportReporter -->
<testsuite hostname="MyComputer" failures="0" tests="1" name="com.testCases.TC_ArticleInGreen" time="0.103" errors="0" timestamp="2020-02-11T23:08:09 EST" skipped="0">
  <testcase classname="com.testCases.TC_ArticleInGreen" name="CountGreenArticle" time="0.103"/>
</testsuite> <!-- com.testCases.TC_ArticleInGreen -->
