<?xml version="1.0" encoding="UTF-8"?>
<!-- Generated by org.testng.reporters.JUnitReportReporter -->
<testsuite hostname="MyComputer" failures="0" tests="1" name="com.testCases.TC_002_ArticleInGreen" time="0.152" errors="0" timestamp="2020-02-12T01:46:26 EST" skipped="0">
  <testcase classname="com.testCases.TC_002_ArticleInGreen" name="CountGreenArticle" time="0.152"/>
</testsuite> <!-- com.testCases.TC_002_ArticleInGreen -->
