<?xml version="1.0" encoding="UTF-8"?>
<!-- Generated by org.testng.reporters.JUnitReportReporter -->
<testsuite hostname="MyComputer" failures="0" tests="1" name="com.testCases.TC_001_LuanchBrowser" time="20.582" errors="0" timestamp="2020-02-13T13:21:10 EST" skipped="0">
  <testcase classname="com.testCases.TC_001_LuanchBrowser" name="LaunchBrowser" time="20.582"/>
</testsuite> <!-- com.testCases.TC_001_LuanchBrowser -->
