<?xml version="1.0" encoding="UTF-8"?>
<!-- Generated by org.testng.reporters.JUnitReportReporter -->
<testsuite hostname="MyComputer" failures="0" tests="1" name="com.testCases.TC_004_VoteonDailyPoll" time="5.514" errors="0" timestamp="2020-02-12T01:48:02 EST" skipped="0">
  <testcase classname="com.testCases.TC_004_VoteonDailyPoll" name="vote" time="5.514"/>
</testsuite> <!-- com.testCases.TC_004_VoteonDailyPoll -->
