<?xml version="1.0" encoding="UTF-8"?>
<!-- Generated by org.testng.reporters.JUnitReportReporter -->
<testsuite hostname="MyComputer" failures="0" tests="1" name="com.testCases.TC_PeopleVoted" time="10.066" errors="0" timestamp="2020-02-11T23:06:38 EST" skipped="0">
  <testcase classname="com.testCases.TC_PeopleVoted" name="vote" time="10.066"/>
</testsuite> <!-- com.testCases.TC_PeopleVoted -->
