<?xml version="1.0" encoding="UTF-8"?>
<!-- Generated by org.testng.reporters.JUnitReportReporter -->
<testsuite hostname="MyComputer" failures="0" tests="1" name="com.testCases.TC_003_UniqueiconsInRed" time="0.299" errors="0" timestamp="2020-02-12T01:47:04 EST" skipped="0">
  <testcase classname="com.testCases.TC_003_UniqueiconsInRed" name="CountRedArticle" time="0.299"/>
</testsuite> <!-- com.testCases.TC_003_UniqueiconsInRed -->
