<?xml version="1.0" encoding="UTF-8"?>
<!-- Generated by org.testng.reporters.JUnitReportReporter -->
<testsuite hostname="MyComputer" failures="0" tests="1" name="com.testCases.TC_UniqueiconsInRed" time="0.524" errors="0" timestamp="2020-02-11T17:06:28 EST" skipped="0">
  <testcase classname="com.testCases.TC_UniqueiconsInRed" name="CountRedArticle" time="0.524"/>
</testsuite> <!-- com.testCases.TC_UniqueiconsInRed -->
